2025-02-06 11:48:09 - INFO - Starting processing with task: rest, description: CustomEnvBk8Caps
2025-02-06 11:48:09 - INFO - 
Config Debug:
2025-02-06 11:48:09 - INFO - Code root: /home/slouviot/01_projects/eeg_brain_state_prediction
2025-02-06 11:48:09 - INFO - Data root: /data2/Projects/eeg_fmri_natview/derivatives
2025-02-06 11:48:09 - INFO - Data directory: data/custom_envelope_caps/group_level_feature_selection
2025-02-06 11:48:09 - INFO - Found 18 subjects to process
2025-02-06 11:48:09 - INFO - 
Processing subject: 01
2025-02-06 12:57:55 - INFO - Saving results to: /home/slouviot/01_projects/eeg_brain_state_prediction/data/custom_envelope_caps/group_level_feature_selection/sub-01_task-rest_desc-CustomEnvBk8CapsWithPupil_predictions.csv
2025-02-06 12:57:55 - INFO - 
Processing subject: 02
2025-02-06 14:03:52 - INFO - Saving results to: /home/slouviot/01_projects/eeg_brain_state_prediction/data/custom_envelope_caps/group_level_feature_selection/sub-02_task-rest_desc-CustomEnvBk8CapsWithPupil_predictions.csv
2025-02-06 14:03:52 - INFO - 
Processing subject: 04
2025-02-06 16:11:47 - INFO - Saving results to: /home/slouviot/01_projects/eeg_brain_state_prediction/data/custom_envelope_caps/group_level_feature_selection/sub-04_task-rest_desc-CustomEnvBk8CapsWithPupil_predictions.csv
2025-02-06 16:11:47 - INFO - 
Processing subject: 06
2025-02-06 18:20:00 - INFO - Saving results to: /home/slouviot/01_projects/eeg_brain_state_prediction/data/custom_envelope_caps/group_level_feature_selection/sub-06_task-rest_desc-CustomEnvBk8CapsWithPupil_predictions.csv
2025-02-06 18:20:00 - INFO - 
Processing subject: 07
2025-02-06 20:29:20 - INFO - Saving results to: /home/slouviot/01_projects/eeg_brain_state_prediction/data/custom_envelope_caps/group_level_feature_selection/sub-07_task-rest_desc-CustomEnvBk8CapsWithPupil_predictions.csv
2025-02-06 20:29:21 - INFO - 
Processing subject: 08
2025-02-06 22:37:32 - INFO - Saving results to: /home/slouviot/01_projects/eeg_brain_state_prediction/data/custom_envelope_caps/group_level_feature_selection/sub-08_task-rest_desc-CustomEnvBk8CapsWithPupil_predictions.csv
2025-02-06 22:37:32 - INFO - 
Processing subject: 09
2025-02-06 23:47:01 - INFO - Saving results to: /home/slouviot/01_projects/eeg_brain_state_prediction/data/custom_envelope_caps/group_level_feature_selection/sub-09_task-rest_desc-CustomEnvBk8CapsWithPupil_predictions.csv
2025-02-06 23:47:01 - INFO - 
Processing subject: 11
2025-02-07 00:56:41 - INFO - Saving results to: /home/slouviot/01_projects/eeg_brain_state_prediction/data/custom_envelope_caps/group_level_feature_selection/sub-11_task-rest_desc-CustomEnvBk8CapsWithPupil_predictions.csv
2025-02-07 00:56:41 - INFO - 
Processing subject: 12
2025-02-07 03:04:03 - INFO - Saving results to: /home/slouviot/01_projects/eeg_brain_state_prediction/data/custom_envelope_caps/group_level_feature_selection/sub-12_task-rest_desc-CustomEnvBk8CapsWithPupil_predictions.csv
2025-02-07 03:04:04 - INFO - 
Processing subject: 13
2025-02-07 05:10:12 - INFO - Saving results to: /home/slouviot/01_projects/eeg_brain_state_prediction/data/custom_envelope_caps/group_level_feature_selection/sub-13_task-rest_desc-CustomEnvBk8CapsWithPupil_predictions.csv
2025-02-07 05:10:12 - INFO - 
Processing subject: 14
2025-02-07 07:17:03 - INFO - Saving results to: /home/slouviot/01_projects/eeg_brain_state_prediction/data/custom_envelope_caps/group_level_feature_selection/sub-14_task-rest_desc-CustomEnvBk8CapsWithPupil_predictions.csv
2025-02-07 07:17:03 - INFO - 
Processing subject: 15
2025-02-07 09:25:06 - INFO - Saving results to: /home/slouviot/01_projects/eeg_brain_state_prediction/data/custom_envelope_caps/group_level_feature_selection/sub-15_task-rest_desc-CustomEnvBk8CapsWithPupil_predictions.csv
2025-02-07 09:25:06 - INFO - 
Processing subject: 16
2025-02-07 11:31:23 - INFO - Saving results to: /home/slouviot/01_projects/eeg_brain_state_prediction/data/custom_envelope_caps/group_level_feature_selection/sub-16_task-rest_desc-CustomEnvBk8CapsWithPupil_predictions.csv
2025-02-07 11:31:23 - INFO - 
Processing subject: 17
2025-02-07 14:38:06 - INFO - Saving results to: /home/slouviot/01_projects/eeg_brain_state_prediction/data/custom_envelope_caps/group_level_feature_selection/sub-17_task-rest_desc-CustomEnvBk8CapsWithPupil_predictions.csv
2025-02-07 14:38:07 - INFO - 
Processing subject: 18
2025-02-07 16:07:06 - INFO - Saving results to: /home/slouviot/01_projects/eeg_brain_state_prediction/data/custom_envelope_caps/group_level_feature_selection/sub-18_task-rest_desc-CustomEnvBk8CapsWithPupil_predictions.csv
2025-02-07 16:07:06 - INFO - 
Processing subject: 20
2025-02-07 18:15:23 - INFO - Saving results to: /home/slouviot/01_projects/eeg_brain_state_prediction/data/custom_envelope_caps/group_level_feature_selection/sub-20_task-rest_desc-CustomEnvBk8CapsWithPupil_predictions.csv
2025-02-07 18:15:23 - INFO - 
Processing subject: 21
2025-02-07 20:27:01 - INFO - Saving results to: /home/slouviot/01_projects/eeg_brain_state_prediction/data/custom_envelope_caps/group_level_feature_selection/sub-21_task-rest_desc-CustomEnvBk8CapsWithPupil_predictions.csv
2025-02-07 20:27:02 - INFO - 
Processing subject: 22
2025-02-07 22:33:54 - INFO - Saving results to: /home/slouviot/01_projects/eeg_brain_state_prediction/data/custom_envelope_caps/group_level_feature_selection/sub-22_task-rest_desc-CustomEnvBk8CapsWithPupil_predictions.csv
2025-02-07 22:33:54 - INFO - 
Processing completed successfully
Creating BIDS architecture with parameters: {'root': PosixPath('/data2/Projects/eeg_fmri_natview/derivatives'), 'datatype': 'multimodal', 'suffix': 'multimodal', 'description': 'CustomEnvBk8Caps', 'run': '01', 'task': 'rest', 'extension': '.pkl'}
Data root path exists: True
Full data root path: /data2/Projects/eeg_fmri_natview/derivatives
Database info: (32, 14)
Saving results to: /home/slouviot/01_projects/eeg_brain_state_prediction/data/custom_envelope_caps/group_level_feature_selection/sub-01_task-rest_desc-CustomEnvBk8CapsWithPupil_predictions.csv
File saved successfully with 400 rows
Saving results to: /home/slouviot/01_projects/eeg_brain_state_prediction/data/custom_envelope_caps/group_level_feature_selection/sub-02_task-rest_desc-CustomEnvBk8CapsWithPupil_predictions.csv
File saved successfully with 400 rows
Saving results to: /home/slouviot/01_projects/eeg_brain_state_prediction/data/custom_envelope_caps/group_level_feature_selection/sub-04_task-rest_desc-CustomEnvBk8CapsWithPupil_predictions.csv
File saved successfully with 800 rows
Saving results to: /home/slouviot/01_projects/eeg_brain_state_prediction/data/custom_envelope_caps/group_level_feature_selection/sub-06_task-rest_desc-CustomEnvBk8CapsWithPupil_predictions.csv
File saved successfully with 800 rows
Saving results to: /home/slouviot/01_projects/eeg_brain_state_prediction/data/custom_envelope_caps/group_level_feature_selection/sub-07_task-rest_desc-CustomEnvBk8CapsWithPupil_predictions.csv
File saved successfully with 800 rows
Saving results to: /home/slouviot/01_projects/eeg_brain_state_prediction/data/custom_envelope_caps/group_level_feature_selection/sub-08_task-rest_desc-CustomEnvBk8CapsWithPupil_predictions.csv
File saved successfully with 800 rows
Saving results to: /home/slouviot/01_projects/eeg_brain_state_prediction/data/custom_envelope_caps/group_level_feature_selection/sub-09_task-rest_desc-CustomEnvBk8CapsWithPupil_predictions.csv
File saved successfully with 400 rows
Saving results to: /home/slouviot/01_projects/eeg_brain_state_prediction/data/custom_envelope_caps/group_level_feature_selection/sub-11_task-rest_desc-CustomEnvBk8CapsWithPupil_predictions.csv
File saved successfully with 400 rows
Saving results to: /home/slouviot/01_projects/eeg_brain_state_prediction/data/custom_envelope_caps/group_level_feature_selection/sub-12_task-rest_desc-CustomEnvBk8CapsWithPupil_predictions.csv
File saved successfully with 800 rows
Saving results to: /home/slouviot/01_projects/eeg_brain_state_prediction/data/custom_envelope_caps/group_level_feature_selection/sub-13_task-rest_desc-CustomEnvBk8CapsWithPupil_predictions.csv
File saved successfully with 800 rows
Saving results to: /home/slouviot/01_projects/eeg_brain_state_prediction/data/custom_envelope_caps/group_level_feature_selection/sub-14_task-rest_desc-CustomEnvBk8CapsWithPupil_predictions.csv
File saved successfully with 800 rows
Saving results to: /home/slouviot/01_projects/eeg_brain_state_prediction/data/custom_envelope_caps/group_level_feature_selection/sub-15_task-rest_desc-CustomEnvBk8CapsWithPupil_predictions.csv
File saved successfully with 800 rows
Saving results to: /home/slouviot/01_projects/eeg_brain_state_prediction/data/custom_envelope_caps/group_level_feature_selection/sub-16_task-rest_desc-CustomEnvBk8CapsWithPupil_predictions.csv
File saved successfully with 800 rows
Saving results to: /home/slouviot/01_projects/eeg_brain_state_prediction/data/custom_envelope_caps/group_level_feature_selection/sub-17_task-rest_desc-CustomEnvBk8CapsWithPupil_predictions.csv
File saved successfully with 1200 rows
Saving results to: /home/slouviot/01_projects/eeg_brain_state_prediction/data/custom_envelope_caps/group_level_feature_selection/sub-18_task-rest_desc-CustomEnvBk8CapsWithPupil_predictions.csv
File saved successfully with 400 rows
Saving results to: /home/slouviot/01_projects/eeg_brain_state_prediction/data/custom_envelope_caps/group_level_feature_selection/sub-20_task-rest_desc-CustomEnvBk8CapsWithPupil_predictions.csv
File saved successfully with 800 rows
Saving results to: /home/slouviot/01_projects/eeg_brain_state_prediction/data/custom_envelope_caps/group_level_feature_selection/sub-21_task-rest_desc-CustomEnvBk8CapsWithPupil_predictions.csv
File saved successfully with 800 rows
Saving results to: /home/slouviot/01_projects/eeg_brain_state_prediction/data/custom_envelope_caps/group_level_feature_selection/sub-22_task-rest_desc-CustomEnvBk8CapsWithPupil_predictions.csv
File saved successfully with 800 rows
